<component name="libraryTable">
  <library name="junit-jupiter-5.7.0">
    <CLASSES>
      <root url="jar://$USER_HOME$/Desktop/Fast Folder 2020/Java Library/junit-jupiter-5.7.0.jar!/" />
    </CLASSES>
    <JAVADOC />
    <SOURCES />
  </library>
</component>